app/build/outputs/logs/manifest-merger-debug-report.txt
-- Merging decision tree log ---
manifest
ADDED from src/main/AndroidManifest.xml:2:1-159:12
	xmlns:android
		ADDED from src/main/AndroidManifest.xml:2:11-69
	package
		ADDED from src/main/AndroidManifest.xml:3:5-46
		INJECTED from src/main/AndroidManifest.xml
		INJECTED from src/main/AndroidManifest.xml
	android:versionName
		ADDED from src/main/AndroidManifest.xml:5:5-30
		INJECTED from src/main/AndroidManifest.xml
		INJECTED from src/main/AndroidManifest.xml
	android:versionCode
		ADDED from src/main/AndroidManifest.xml:4:5-28
		INJECTED from src/main/AndroidManifest.xml
		INJECTED from src/main/AndroidManifest.xml
uses-permission#com.example.googlemaps.permission.MAPS_RECEIVE
ADDED from src/main/AndroidManifest.xml:7:5-86
	android:name
		ADDED from src/main/AndroidManifest.xml:7:22-83
supports-screens
ADDED from src/main/AndroidManifest.xml:9:5-15:40
	android:resizeable
		ADDED from src/main/AndroidManifest.xml:13:9-34
	android:largeScreens
		ADDED from src/main/AndroidManifest.xml:11:9-36
	android:anyDensity
		ADDED from src/main/AndroidManifest.xml:10:9-34
	android:normalScreens
		ADDED from src/main/AndroidManifest.xml:12:9-37
	android:xlargeScreens
		ADDED from src/main/AndroidManifest.xml:15:9-37
	android:smallScreens
		ADDED from src/main/AndroidManifest.xml:14:9-36
permission#com.viral.googlemaps.permission.MAPS_RECEIVE
ADDED from src/main/AndroidManifest.xml:17:5-19:47
	android:protectionLevel
		ADDED from src/main/AndroidManifest.xml:19:9-44
	android:name
		ADDED from src/main/AndroidManifest.xml:18:9-68
uses-permission#android.permission.INTERNET
ADDED from src/main/AndroidManifest.xml:21:5-67
	android:name
		ADDED from src/main/AndroidManifest.xml:21:22-64
uses-permission#android.permission.ACCESS_NETWORK_STATE
ADDED from src/main/AndroidManifest.xml:22:5-79
	android:name
		ADDED from src/main/AndroidManifest.xml:22:22-76
uses-permission#android.permission.WRITE_EXTERNAL_STORAGE
ADDED from src/main/AndroidManifest.xml:23:5-81
	android:name
		ADDED from src/main/AndroidManifest.xml:23:22-78
uses-permission#android.permissio.ACCESS_COARSE_LOCATION
ADDED from src/main/AndroidManifest.xml:24:5-80
	android:name
		ADDED from src/main/AndroidManifest.xml:24:22-77
uses-permission#android.permission.ACCESS_FINE_LOCATION
ADDED from src/main/AndroidManifest.xml:25:5-79
	android:name
		ADDED from src/main/AndroidManifest.xml:25:22-76
uses-permission#com.google.android.providers.gsf.permission.READ_GSERVICES
ADDED from src/main/AndroidManifest.xml:26:5-98
	android:name
		ADDED from src/main/AndroidManifest.xml:26:22-95
uses-permission#android.permission.WAKE_LOCK
ADDED from src/main/AndroidManifest.xml:27:5-68
	android:name
		ADDED from src/main/AndroidManifest.xml:27:22-65
uses-permission#android.permission.READ_PHONE_STATE
ADDED from src/main/AndroidManifest.xml:28:5-75
	android:name
		ADDED from src/main/AndroidManifest.xml:28:22-72
uses-permission#android.permission.VIBRATE
ADDED from src/main/AndroidManifest.xml:29:5-66
	android:name
		ADDED from src/main/AndroidManifest.xml:29:22-63
uses-permission#android.permission.RECEIVE_BOOT_COMPLETED
ADDED from src/main/AndroidManifest.xml:30:5-81
	android:name
		ADDED from src/main/AndroidManifest.xml:30:22-78
uses-permission#android.permission.GET_ACCOUNTS
ADDED from src/main/AndroidManifest.xml:31:5-71
	android:name
		ADDED from src/main/AndroidManifest.xml:31:22-68
uses-permission#com.google.android.c2dm.permission.RECEIVE
ADDED from src/main/AndroidManifest.xml:32:5-82
	android:name
		ADDED from src/main/AndroidManifest.xml:32:22-79
permission#com.viral.omshiv.daytrackviralp.permission.C2D_MESSAGE
ADDED from src/main/AndroidManifest.xml:33:5-34:81
	android:protectionLevel
		ADDED from src/main/AndroidManifest.xml:33:17-52
	android:name
		ADDED from src/main/AndroidManifest.xml:34:9-78
uses-feature#0x00020000
ADDED from src/main/AndroidManifest.xml:37:5-39:35
	android:required
		ADDED from src/main/AndroidManifest.xml:39:9-32
	android:glEsVersion
		ADDED from src/main/AndroidManifest.xml:38:9-41
application
ADDED from src/main/AndroidManifest.xml:41:5-157:19
MERGED from [com.google.android.gms:play-services:6.1.71] AndroidManifest.xml:16:5-19
MERGED from [com.android.support:support-v4:20.0.0] AndroidManifest.xml:17:5-19
MERGED from [com.android.support:appcompat-v7:20.0.0] AndroidManifest.xml:17:5-19
MERGED from [com.android.support:support-v4:20.0.0] AndroidManifest.xml:17:5-19
MERGED from [com.android.support:gridlayout-v7:20.0.0] AndroidManifest.xml:17:5-19
MERGED from [com.android.support:support-v4:20.0.0] AndroidManifest.xml:17:5-19
MERGED from [com.facebook.android:facebook:3.20.0] AndroidManifest.xml:24:5-20
MERGED from [com.android.support:support-v4:20.0.0] AndroidManifest.xml:17:5-19
	android:label
		ADDED from src/main/AndroidManifest.xml:45:9-41
	android:allowBackup
		ADDED from src/main/AndroidManifest.xml:43:9-35
	android:icon
		ADDED from src/main/AndroidManifest.xml:44:9-41
	android:theme
		ADDED from src/main/AndroidManifest.xml:46:9-40
	android:name
		ADDED from src/main/AndroidManifest.xml:42:9-28
activity#com.viral.omshiv.daytrackviralp.StartActivity
ADDED from src/main/AndroidManifest.xml:47:9-57:20
	android:label
		ADDED from src/main/AndroidManifest.xml:49:13-43
	android:theme
		ADDED from src/main/AndroidManifest.xml:50:13-60
	android:name
		ADDED from src/main/AndroidManifest.xml:48:13-42
intent-filter#android.intent.action.MAIN+android.intent.category.LAUNCHER
ADDED from src/main/AndroidManifest.xml:52:13-56:29
action#android.intent.action.MAIN
ADDED from src/main/AndroidManifest.xml:53:17-69
	android:name
		ADDED from src/main/AndroidManifest.xml:53:25-66
category#android.intent.category.LAUNCHER
ADDED from src/main/AndroidManifest.xml:55:17-77
	android:name
		ADDED from src/main/AndroidManifest.xml:55:27-74
activity#com.viral.omshiv.daytrackviralp.LoginActivity
ADDED from src/main/AndroidManifest.xml:58:9-63:20
	android:screenOrientation
		ADDED from src/main/AndroidManifest.xml:61:13-49
	android:label
		ADDED from src/main/AndroidManifest.xml:60:13-29
	android:theme
		ADDED from src/main/AndroidManifest.xml:62:13-60
	android:name
		ADDED from src/main/AndroidManifest.xml:59:13-42
activity#com.viral.omshiv.daytrackviralp.PasswordReset
ADDED from src/main/AndroidManifest.xml:64:9-69:20
	android:screenOrientation
		ADDED from src/main/AndroidManifest.xml:67:13-49
	android:label
		ADDED from src/main/AndroidManifest.xml:66:13-29
	android:theme
		ADDED from src/main/AndroidManifest.xml:68:13-60
	android:name
		ADDED from src/main/AndroidManifest.xml:65:13-42
activity#com.facebook.LoginActivity
ADDED from src/main/AndroidManifest.xml:70:9-73:20
	android:label
		ADDED from src/main/AndroidManifest.xml:72:13-57
	android:name
		ADDED from src/main/AndroidManifest.xml:71:13-54
activity#com.viral.omshiv.Settings.History.History_Home
ADDED from src/main/AndroidManifest.xml:74:9-79:20
	android:screenOrientation
		ADDED from src/main/AndroidManifest.xml:78:13-49
	android:label
		ADDED from src/main/AndroidManifest.xml:77:13-36
	android:icon
		ADDED from src/main/AndroidManifest.xml:76:13-43
	android:name
		ADDED from src/main/AndroidManifest.xml:75:13-74
activity#com.viral.omshiv.daytrackviralp.RegisterActivity
ADDED from src/main/AndroidManifest.xml:80:9-85:20
	android:screenOrientation
		ADDED from src/main/AndroidManifest.xml:83:13-49
	android:label
		ADDED from src/main/AndroidManifest.xml:82:13-29
	android:theme
		ADDED from src/main/AndroidManifest.xml:84:13-60
	android:name
		ADDED from src/main/AndroidManifest.xml:81:13-45
activity#com.viral.omshiv.daytrackviralp.MainActivity
ADDED from src/main/AndroidManifest.xml:86:9-90:20
	android:screenOrientation
		ADDED from src/main/AndroidManifest.xml:89:13-49
	android:label
		ADDED from src/main/AndroidManifest.xml:88:13-29
	android:name
		ADDED from src/main/AndroidManifest.xml:87:13-41
meta-data#com.google.android.gms.version
ADDED from src/main/AndroidManifest.xml:92:9-94:69
	android:name
		ADDED from src/main/AndroidManifest.xml:93:13-58
	android:value
		ADDED from src/main/AndroidManifest.xml:94:13-66
meta-data#com.google.android.maps.v2.API_KEY
ADDED from src/main/AndroidManifest.xml:95:9-97:71
	android:name
		ADDED from src/main/AndroidManifest.xml:96:13-62
	android:value
		ADDED from src/main/AndroidManifest.xml:97:13-68
meta-data#com.facebook.sdk.ApplicationId
ADDED from src/main/AndroidManifest.xml:98:9-100:46
	android:name
		ADDED from src/main/AndroidManifest.xml:99:13-58
	android:value
		ADDED from src/main/AndroidManifest.xml:100:13-43
activity#com.viral.omshiv.daytrackviralp.RunActivity
ADDED from src/main/AndroidManifest.xml:102:9-107:20
	android:screenOrientation
		ADDED from src/main/AndroidManifest.xml:105:13-49
	android:label
		ADDED from src/main/AndroidManifest.xml:104:13-29
	android:name
		ADDED from src/main/AndroidManifest.xml:103:13-40
activity#com.viral.omshiv.Settings.MainSetting.Main_Setting
ADDED from src/main/AndroidManifest.xml:108:9-113:20
	android:screenOrientation
		ADDED from src/main/AndroidManifest.xml:112:13-49
	android:label
		ADDED from src/main/AndroidManifest.xml:111:13-34
	android:icon
		ADDED from src/main/AndroidManifest.xml:110:13-43
	android:name
		ADDED from src/main/AndroidManifest.xml:109:13-78
activity#com.viral.omshiv.Settings.MainSetting.Personal_Details
ADDED from src/main/AndroidManifest.xml:114:9-120:20
	android:screenOrientation
		ADDED from src/main/AndroidManifest.xml:118:13-49
	android:label
		ADDED from src/main/AndroidManifest.xml:117:13-36
	android:icon
		ADDED from src/main/AndroidManifest.xml:116:13-43
	android:theme
		ADDED from src/main/AndroidManifest.xml:119:13-60
	android:name
		ADDED from src/main/AndroidManifest.xml:115:13-82
activity#com.viral.omshiv.Settings.MainSetting.AdditionalSettingActivity
ADDED from src/main/AndroidManifest.xml:121:9-126:20
	android:screenOrientation
		ADDED from src/main/AndroidManifest.xml:125:13-49
	android:label
		ADDED from src/main/AndroidManifest.xml:124:13-36
	android:icon
		ADDED from src/main/AndroidManifest.xml:123:13-43
	android:name
		ADDED from src/main/AndroidManifest.xml:122:13-91
service#com.viral.omshiv.Services.MyService
ADDED from src/main/AndroidManifest.xml:128:9-130:38
	android:enabled
		ADDED from src/main/AndroidManifest.xml:130:13-35
	android:name
		ADDED from src/main/AndroidManifest.xml:129:13-63
meta-data#com.parse.push.notification_icon
ADDED from src/main/AndroidManifest.xml:131:9-132:48
	android:resource
		ADDED from src/main/AndroidManifest.xml:132:13-46
	android:name
		ADDED from src/main/AndroidManifest.xml:131:20-67
meta-data#android.support.PARENT_ACTIVITY
ADDED from src/main/AndroidManifest.xml:133:9-135:44
	android:name
		ADDED from src/main/AndroidManifest.xml:134:13-59
	android:value
		ADDED from src/main/AndroidManifest.xml:135:13-41
service#com.parse.PushService
ADDED from src/main/AndroidManifest.xml:137:9-56
	android:name
		ADDED from src/main/AndroidManifest.xml:137:18-54
receiver#com.parse.ParseBroadcastReceiver
ADDED from src/main/AndroidManifest.xml:138:9-143:20
	android:name
		ADDED from src/main/AndroidManifest.xml:138:19-66
intent-filter#android.intent.action.BOOT_COMPLETED+android.intent.action.USER_PRESENT
ADDED from src/main/AndroidManifest.xml:139:13-142:29
action#android.intent.action.BOOT_COMPLETED
ADDED from src/main/AndroidManifest.xml:140:17-79
	android:name
		ADDED from src/main/AndroidManifest.xml:140:25-76
action#android.intent.action.USER_PRESENT
ADDED from src/main/AndroidManifest.xml:141:17-77
	android:name
		ADDED from src/main/AndroidManifest.xml:141:25-74
receiver#com.parse.GcmBroadcastReceiver
ADDED from src/main/AndroidManifest.xml:144:9-152:20
	android:permission
		ADDED from src/main/AndroidManifest.xml:145:13-73
	android:name
		ADDED from src/main/AndroidManifest.xml:144:19-64
intent-filter#com.google.android.c2dm.intent.RECEIVE+com.google.android.c2dm.intent.REGISTRATION+com.viral.omshiv.daytrackviralp
ADDED from src/main/AndroidManifest.xml:146:13-151:29
action#com.google.android.c2dm.intent.RECEIVE
ADDED from src/main/AndroidManifest.xml:147:17-81
	android:name
		ADDED from src/main/AndroidManifest.xml:147:25-78
action#com.google.android.c2dm.intent.REGISTRATION
ADDED from src/main/AndroidManifest.xml:148:17-86
	android:name
		ADDED from src/main/AndroidManifest.xml:148:25-83
category#com.viral.omshiv.daytrackviralp
ADDED from src/main/AndroidManifest.xml:149:17-75
	android:name
		ADDED from src/main/AndroidManifest.xml:149:27-73
uses-sdk
INJECTED from src/main/AndroidManifest.xml reason: use-sdk injection requested
MERGED from [com.google.android.gms:play-services:6.1.71] AndroidManifest.xml:15:5-42
MERGED from [com.android.support:support-v4:20.0.0] AndroidManifest.xml:16:5-42
MERGED from [com.android.support:appcompat-v7:20.0.0] AndroidManifest.xml:16:5-42
MERGED from [com.android.support:support-v4:20.0.0] AndroidManifest.xml:16:5-42
MERGED from [com.android.support:gridlayout-v7:20.0.0] AndroidManifest.xml:16:5-42
MERGED from [com.android.support:support-v4:20.0.0] AndroidManifest.xml:16:5-42
MERGED from [com.facebook.android:facebook:3.20.0] AndroidManifest.xml:20:5-22:41
MERGED from [com.android.support:support-v4:20.0.0] AndroidManifest.xml:16:5-42
	android:targetSdkVersion
		INJECTED from src/main/AndroidManifest.xml
		INJECTED from src/main/AndroidManifest.xml
	android:minSdkVersion
		INJECTED from src/main/AndroidManifest.xml
		INJECTED from src/main/AndroidManifest.xml